Arguments: 
  /usr/bin/node /usr/local/bin/yarn add electron-builder --dev

PATH: 
  /usr/local/cuda-6.5/bin:/usr/local/sbin:/usr/local/bin:/usr/sbin:/usr/bin:/sbin:/bin:/usr/games:/usr/local/games:/snap/bin:/usr/lib/jvm/java-8-oracle/bin:/usr/lib/jvm/java-8-oracle/db/bin:/usr/lib/jvm/java-8-oracle/jre/bin

Yarn version: 
  1.6.0

Node version: 
  6.11.4

Platform: 
  linux x64

Trace: 
  Error: EACCES: permission denied, mkdir '/var/www/html/FreeTube/node_modules/electron-forge/node_modules/fs-extra'
      at Error (native)

npm manifest: 
  {
    "name": "FreeTube",
    "productName": "FreeTube",
    "version": "0.2.1",
    "description": "An Open Source YouTube app for privacy.",
    "main": "src/js/init.js",
    "scripts": {
      "start": "electron-forge start",
      "package": "electron-forge package",
      "make": "electron-forge make",
      "publish": "electron-forge publish",
      "make:darwin": "electron-forge make --platform=darwin",
      "make:linux": "electron-forge make --platform=linux",
      "make:win32": "electron-forge make --platform=win32"
    },
    "keywords": [],
    "author": {
      "name": "PrestonN",
      "email": "FreeTubeApp@protonmail.com",
      "url": "https://github.com/FreeTubeApp/FreeTube"
    },
    "license": "GPL-3.0",
    "config": {
      "forge": {
        "make_targets": {
          "win32": [
            "squirrel"
          ],
          "darwin": [
            "zip"
          ],
          "linux": [
            "deb",
            "rpm"
          ]
        },
        "protocols": [{
          "name": "freetube",
          "role": "Viewer",
          "schemes": ["freetube"]
        }],
        "electronPackagerConfig": {
          "packageManager": "yarn",
          "icon": "./src/icons/icon.icns"
        },
        "electronWinstallerConfig": {
          "name": "freetube",
          "iconUrl": "https://raw.githubusercontent.com/FreeTubeApp/FreeTubeApp.github.io/master/images/icon.ico",
          "setupIcon": "./src/icons/icon.ico"
        },
        "electronInstallerDebian": {
          "icon": "src/icons/icon.svg"
        },
        "repository": {
          "type": "git",
          "url": "https://github.com/FreeTubeApp/FreeTube"
        }
      }
    },
    "devDependencies": {
      "electron-forge": "^5.2.2",
      "electron-prebuilt-compile": "1.8.2",
      "electron-winstaller": "^2.6.4"
    },
    "dependencies": {
      "autolinker": "^1.6.2",
      "dateformat": "^3.0.3",
      "electron-compile": "^6.4.2",
      "electron-squirrel-startup": "^1.0.0",
      "jquery": "^3.3.1",
      "mustache": "^2.3.0",
      "nedb": "^1.8.0",
      "opml-to-json": "0.0.3",
      "ytdl-core": "^0.20.4"
    }
  }

yarn manifest: 
  No manifest

Lockfile: 
  No lockfile
